2014-09-19 17:26:31 Error: [MissingControllerException] Controller class LoginController could not be found.
#0 /Applications/XAMPP/xamppfiles/htdocs/CakeBook_sample/www/sample2/webroot/index.php(96): Dispatcher->dispatch(Object(CakeRequest), Object(CakeResponse))
#1 {main}
2014-09-19 17:27:33 Error: [MissingControllerException] Controller class LoginController could not be found.
#0 /Applications/XAMPP/xamppfiles/htdocs/CakeBook_sample/www/sample2/webroot/index.php(96): Dispatcher->dispatch(Object(CakeRequest), Object(CakeResponse))
#1 {main}
2014-09-19 17:27:33 Error: [MissingControllerException] Controller class LoginController could not be found.
#0 /Applications/XAMPP/xamppfiles/htdocs/CakeBook_sample/www/sample2/webroot/index.php(96): Dispatcher->dispatch(Object(CakeRequest), Object(CakeResponse))
#1 {main}
2014-09-19 17:27:42 Error: [MissingControllerException] Controller class LoginController could not be found.
#0 /Applications/XAMPP/xamppfiles/htdocs/CakeBook_sample/www/sample2/webroot/index.php(96): Dispatcher->dispatch(Object(CakeRequest), Object(CakeResponse))
#1 {main}
2014-09-19 17:27:52 Error: [MissingControllerException] Controller class UserController could not be found.
#0 /Applications/XAMPP/xamppfiles/htdocs/CakeBook_sample/www/sample2/webroot/index.php(96): Dispatcher->dispatch(Object(CakeRequest), Object(CakeResponse))
#1 {main}
2014-09-19 17:31:12 Error: [MissingViewException] View file "/Applications/XAMPP/xamppfiles/htdocs/CakeBook_sample/www/sample2/View/Users/login.ctp" is missing.
#0 /Applications/XAMPP/xamppfiles/htdocs/CakeBook_sample/www/lib/Cake/View/View.php(360): View->_getViewFileName(NULL)
#1 /Applications/XAMPP/xamppfiles/htdocs/CakeBook_sample/www/lib/Cake/Controller/Controller.php(900): View->render(NULL, NULL)
#2 /Applications/XAMPP/xamppfiles/htdocs/CakeBook_sample/www/lib/Cake/Routing/Dispatcher.php(111): Controller->render()
#3 /Applications/XAMPP/xamppfiles/htdocs/CakeBook_sample/www/lib/Cake/Routing/Dispatcher.php(86): Dispatcher->_invoke(Object(UsersController), Object(CakeRequest), Object(CakeResponse))
#4 /Applications/XAMPP/xamppfiles/htdocs/CakeBook_sample/www/sample2/webroot/index.php(96): Dispatcher->dispatch(Object(CakeRequest), Object(CakeResponse))
#5 {main}
2014-09-22 10:42:45 Error: [MissingControllerException] Controller class ContactsController could not be found.
#0 /Applications/XAMPP/xamppfiles/htdocs/CakeBook_sample/www/sample2/webroot/index.php(96): Dispatcher->dispatch(Object(CakeRequest), Object(CakeResponse))
#1 {main}
2014-09-22 10:46:47 Error: [MissingModelException] Paginate
#0 /Applications/XAMPP/xamppfiles/htdocs/CakeBook_sample/www/lib/Cake/Controller/Controller.php(1025): PaginatorComponent->paginate('Paginate', Array, Array)
#1 /Applications/XAMPP/xamppfiles/htdocs/CakeBook_sample/www/sample2/Controller/ContactsController.php(24): Controller->paginate('Paginate')
#2 [internal function]: ContactsController->index()
#3 /Applications/XAMPP/xamppfiles/htdocs/CakeBook_sample/www/lib/Cake/Controller/Controller.php(473): ReflectionMethod->invokeArgs(Object(ContactsController), Array)
#4 /Applications/XAMPP/xamppfiles/htdocs/CakeBook_sample/www/lib/Cake/Routing/Dispatcher.php(104): Controller->invokeAction(Object(CakeRequest))
#5 /Applications/XAMPP/xamppfiles/htdocs/CakeBook_sample/www/lib/Cake/Routing/Dispatcher.php(86): Dispatcher->_invoke(Object(ContactsController), Object(CakeRequest), Object(CakeResponse))
#6 /Applications/XAMPP/xamppfiles/htdocs/CakeBook_sample/www/sample2/webroot/index.php(96): Dispatcher->dispatch(Object(CakeRequest), Object(CakeResponse))
#7 {main}
2014-09-22 10:47:44 Error: [MissingModelException] Paginate
#0 /Applications/XAMPP/xamppfiles/htdocs/CakeBook_sample/www/lib/Cake/Controller/Controller.php(1025): PaginatorComponent->paginate('Paginate', Array, Array)
#1 /Applications/XAMPP/xamppfiles/htdocs/CakeBook_sample/www/sample2/Controller/ContactsController.php(24): Controller->paginate('Paginate')
#2 [internal function]: ContactsController->index()
#3 /Applications/XAMPP/xamppfiles/htdocs/CakeBook_sample/www/lib/Cake/Controller/Controller.php(473): ReflectionMethod->invokeArgs(Object(ContactsController), Array)
#4 /Applications/XAMPP/xamppfiles/htdocs/CakeBook_sample/www/lib/Cake/Routing/Dispatcher.php(104): Controller->invokeAction(Object(CakeRequest))
#5 /Applications/XAMPP/xamppfiles/htdocs/CakeBook_sample/www/lib/Cake/Routing/Dispatcher.php(86): Dispatcher->_invoke(Object(ContactsController), Object(CakeRequest), Object(CakeResponse))
#6 /Applications/XAMPP/xamppfiles/htdocs/CakeBook_sample/www/sample2/webroot/index.php(96): Dispatcher->dispatch(Object(CakeRequest), Object(CakeResponse))
#7 {main}
2014-09-22 10:47:52 Error: [MissingModelException] Paginate
#0 /Applications/XAMPP/xamppfiles/htdocs/CakeBook_sample/www/lib/Cake/Controller/Controller.php(1025): PaginatorComponent->paginate('Paginate', Array, Array)
#1 /Applications/XAMPP/xamppfiles/htdocs/CakeBook_sample/www/sample2/Controller/ContactsController.php(24): Controller->paginate('Paginate')
#2 [internal function]: ContactsController->index()
#3 /Applications/XAMPP/xamppfiles/htdocs/CakeBook_sample/www/lib/Cake/Controller/Controller.php(473): ReflectionMethod->invokeArgs(Object(ContactsController), Array)
#4 /Applications/XAMPP/xamppfiles/htdocs/CakeBook_sample/www/lib/Cake/Routing/Dispatcher.php(104): Controller->invokeAction(Object(CakeRequest))
#5 /Applications/XAMPP/xamppfiles/htdocs/CakeBook_sample/www/lib/Cake/Routing/Dispatcher.php(86): Dispatcher->_invoke(Object(ContactsController), Object(CakeRequest), Object(CakeResponse))
#6 /Applications/XAMPP/xamppfiles/htdocs/CakeBook_sample/www/sample2/webroot/index.php(96): Dispatcher->dispatch(Object(CakeRequest), Object(CakeResponse))
#7 {main}
2014-09-22 10:50:00 Error: [MissingModelException] Paginate
#0 /Applications/XAMPP/xamppfiles/htdocs/CakeBook_sample/www/lib/Cake/Controller/Controller.php(1025): PaginatorComponent->paginate('Paginate', Array, Array)
#1 /Applications/XAMPP/xamppfiles/htdocs/CakeBook_sample/www/sample2/Controller/ContactsController.php(24): Controller->paginate('Paginate')
#2 [internal function]: ContactsController->index()
#3 /Applications/XAMPP/xamppfiles/htdocs/CakeBook_sample/www/lib/Cake/Controller/Controller.php(473): ReflectionMethod->invokeArgs(Object(ContactsController), Array)
#4 /Applications/XAMPP/xamppfiles/htdocs/CakeBook_sample/www/lib/Cake/Routing/Dispatcher.php(104): Controller->invokeAction(Object(CakeRequest))
#5 /Applications/XAMPP/xamppfiles/htdocs/CakeBook_sample/www/lib/Cake/Routing/Dispatcher.php(86): Dispatcher->_invoke(Object(ContactsController), Object(CakeRequest), Object(CakeResponse))
#6 /Applications/XAMPP/xamppfiles/htdocs/CakeBook_sample/www/sample2/webroot/index.php(96): Dispatcher->dispatch(Object(CakeRequest), Object(CakeResponse))
#7 {main}
2014-09-22 10:50:00 Error: [MissingModelException] Paginate
#0 /Applications/XAMPP/xamppfiles/htdocs/CakeBook_sample/www/lib/Cake/Controller/Controller.php(1025): PaginatorComponent->paginate('Paginate', Array, Array)
#1 /Applications/XAMPP/xamppfiles/htdocs/CakeBook_sample/www/sample2/Controller/ContactsController.php(24): Controller->paginate('Paginate')
#2 [internal function]: ContactsController->index()
#3 /Applications/XAMPP/xamppfiles/htdocs/CakeBook_sample/www/lib/Cake/Controller/Controller.php(473): ReflectionMethod->invokeArgs(Object(ContactsController), Array)
#4 /Applications/XAMPP/xamppfiles/htdocs/CakeBook_sample/www/lib/Cake/Routing/Dispatcher.php(104): Controller->invokeAction(Object(CakeRequest))
#5 /Applications/XAMPP/xamppfiles/htdocs/CakeBook_sample/www/lib/Cake/Routing/Dispatcher.php(86): Dispatcher->_invoke(Object(ContactsController), Object(CakeRequest), Object(CakeResponse))
#6 /Applications/XAMPP/xamppfiles/htdocs/CakeBook_sample/www/sample2/webroot/index.php(96): Dispatcher->dispatch(Object(CakeRequest), Object(CakeResponse))
#7 {main}
2014-09-22 10:50:54 Error: [MissingModelException] Paginate
#0 /Applications/XAMPP/xamppfiles/htdocs/CakeBook_sample/www/lib/Cake/Controller/Controller.php(1025): PaginatorComponent->paginate('Paginate', Array, Array)
#1 /Applications/XAMPP/xamppfiles/htdocs/CakeBook_sample/www/sample2/Controller/ContactsController.php(24): Controller->paginate('Paginate')
#2 [internal function]: ContactsController->index()
#3 /Applications/XAMPP/xamppfiles/htdocs/CakeBook_sample/www/lib/Cake/Controller/Controller.php(473): ReflectionMethod->invokeArgs(Object(ContactsController), Array)
#4 /Applications/XAMPP/xamppfiles/htdocs/CakeBook_sample/www/lib/Cake/Routing/Dispatcher.php(104): Controller->invokeAction(Object(CakeRequest))
#5 /Applications/XAMPP/xamppfiles/htdocs/CakeBook_sample/www/lib/Cake/Routing/Dispatcher.php(86): Dispatcher->_invoke(Object(ContactsController), Object(CakeRequest), Object(CakeResponse))
#6 /Applications/XAMPP/xamppfiles/htdocs/CakeBook_sample/www/sample2/webroot/index.php(96): Dispatcher->dispatch(Object(CakeRequest), Object(CakeResponse))
#7 {main}
2014-09-22 10:51:25 Error: [MissingModelException] Paginate
#0 /Applications/XAMPP/xamppfiles/htdocs/CakeBook_sample/www/lib/Cake/Controller/Controller.php(1025): PaginatorComponent->paginate('Paginate', Array, Array)
#1 /Applications/XAMPP/xamppfiles/htdocs/CakeBook_sample/www/sample2/Controller/ContactsController.php(24): Controller->paginate('Paginate')
#2 [internal function]: ContactsController->index()
#3 /Applications/XAMPP/xamppfiles/htdocs/CakeBook_sample/www/lib/Cake/Controller/Controller.php(473): ReflectionMethod->invokeArgs(Object(ContactsController), Array)
#4 /Applications/XAMPP/xamppfiles/htdocs/CakeBook_sample/www/lib/Cake/Routing/Dispatcher.php(104): Controller->invokeAction(Object(CakeRequest))
#5 /Applications/XAMPP/xamppfiles/htdocs/CakeBook_sample/www/lib/Cake/Routing/Dispatcher.php(86): Dispatcher->_invoke(Object(ContactsController), Object(CakeRequest), Object(CakeResponse))
#6 /Applications/XAMPP/xamppfiles/htdocs/CakeBook_sample/www/sample2/webroot/index.php(96): Dispatcher->dispatch(Object(CakeRequest), Object(CakeResponse))
#7 {main}
2014-09-22 10:54:31 Error: [MissingModelException] Paginate
#0 /Applications/XAMPP/xamppfiles/htdocs/CakeBook_sample/www/lib/Cake/Controller/Controller.php(1025): PaginatorComponent->paginate('Paginate', Array, Array)
#1 /Applications/XAMPP/xamppfiles/htdocs/CakeBook_sample/www/sample2/Controller/ContactsController.php(24): Controller->paginate('Paginate')
#2 [internal function]: ContactsController->index()
#3 /Applications/XAMPP/xamppfiles/htdocs/CakeBook_sample/www/lib/Cake/Controller/Controller.php(473): ReflectionMethod->invokeArgs(Object(ContactsController), Array)
#4 /Applications/XAMPP/xamppfiles/htdocs/CakeBook_sample/www/lib/Cake/Routing/Dispatcher.php(104): Controller->invokeAction(Object(CakeRequest))
#5 /Applications/XAMPP/xamppfiles/htdocs/CakeBook_sample/www/lib/Cake/Routing/Dispatcher.php(86): Dispatcher->_invoke(Object(ContactsController), Object(CakeRequest), Object(CakeResponse))
#6 /Applications/XAMPP/xamppfiles/htdocs/CakeBook_sample/www/sample2/webroot/index.php(96): Dispatcher->dispatch(Object(CakeRequest), Object(CakeResponse))
#7 {main}
2014-09-22 11:00:40 Error: [MissingModelException] Paginate
#0 /Applications/XAMPP/xamppfiles/htdocs/CakeBook_sample/www/lib/Cake/Controller/Controller.php(1025): PaginatorComponent->paginate('Paginate', Array, Array)
#1 /Applications/XAMPP/xamppfiles/htdocs/CakeBook_sample/www/sample2/Controller/ContactsController.php(25): Controller->paginate('Paginate')
#2 [internal function]: ContactsController->index()
#3 /Applications/XAMPP/xamppfiles/htdocs/CakeBook_sample/www/lib/Cake/Controller/Controller.php(473): ReflectionMethod->invokeArgs(Object(ContactsController), Array)
#4 /Applications/XAMPP/xamppfiles/htdocs/CakeBook_sample/www/lib/Cake/Routing/Dispatcher.php(104): Controller->invokeAction(Object(CakeRequest))
#5 /Applications/XAMPP/xamppfiles/htdocs/CakeBook_sample/www/lib/Cake/Routing/Dispatcher.php(86): Dispatcher->_invoke(Object(ContactsController), Object(CakeRequest), Object(CakeResponse))
#6 /Applications/XAMPP/xamppfiles/htdocs/CakeBook_sample/www/sample2/webroot/index.php(96): Dispatcher->dispatch(Object(CakeRequest), Object(CakeResponse))
#7 {main}
2014-09-22 11:03:09 Error: [MissingTableException] Database table mtr_favolites for model MtrFavolite was not found.
#0 /Applications/XAMPP/xamppfiles/htdocs/CakeBook_sample/www/lib/Cake/Model/Model.php(3265): Model->setSource('mtr_favolites')
#1 /Applications/XAMPP/xamppfiles/htdocs/CakeBook_sample/www/lib/Cake/Model/Datasource/DboSource.php(1026): Model->getDataSource()
#2 /Applications/XAMPP/xamppfiles/htdocs/CakeBook_sample/www/lib/Cake/Model/Model.php(2483): DboSource->read(Object(Contact), Array)
#3 /Applications/XAMPP/xamppfiles/htdocs/CakeBook_sample/www/lib/Cake/Controller/Component/PaginatorComponent.php(172): Model->find('all', Array)
#4 /Applications/XAMPP/xamppfiles/htdocs/CakeBook_sample/www/lib/Cake/Controller/Controller.php(1025): PaginatorComponent->paginate('Contact', Array, Array)
#5 /Applications/XAMPP/xamppfiles/htdocs/CakeBook_sample/www/sample2/Controller/ContactsController.php(33): Controller->paginate('Contact')
#6 [internal function]: ContactsController->index()
#7 /Applications/XAMPP/xamppfiles/htdocs/CakeBook_sample/www/lib/Cake/Controller/Controller.php(473): ReflectionMethod->invokeArgs(Object(ContactsController), Array)
#8 /Applications/XAMPP/xamppfiles/htdocs/CakeBook_sample/www/lib/Cake/Routing/Dispatcher.php(104): Controller->invokeAction(Object(CakeRequest))
#9 /Applications/XAMPP/xamppfiles/htdocs/CakeBook_sample/www/lib/Cake/Routing/Dispatcher.php(86): Dispatcher->_invoke(Object(ContactsController), Object(CakeRequest), Object(CakeResponse))
#10 /Applications/XAMPP/xamppfiles/htdocs/CakeBook_sample/www/sample2/webroot/index.php(96): Dispatcher->dispatch(Object(CakeRequest), Object(CakeResponse))
#11 {main}
2014-09-22 11:03:49 Error: [MissingTableException] Database table mtr_favolites for model MtrFavolite was not found.
#0 /Applications/XAMPP/xamppfiles/htdocs/CakeBook_sample/www/lib/Cake/Model/Model.php(3265): Model->setSource('mtr_favolites')
#1 /Applications/XAMPP/xamppfiles/htdocs/CakeBook_sample/www/lib/Cake/Model/Datasource/DboSource.php(1026): Model->getDataSource()
#2 /Applications/XAMPP/xamppfiles/htdocs/CakeBook_sample/www/lib/Cake/Model/Model.php(2483): DboSource->read(Object(Contact), Array)
#3 /Applications/XAMPP/xamppfiles/htdocs/CakeBook_sample/www/lib/Cake/Controller/Component/PaginatorComponent.php(172): Model->find('all', Array)
#4 /Applications/XAMPP/xamppfiles/htdocs/CakeBook_sample/www/lib/Cake/Controller/Controller.php(1025): PaginatorComponent->paginate('Contact', Array, Array)
#5 /Applications/XAMPP/xamppfiles/htdocs/CakeBook_sample/www/sample2/Controller/ContactsController.php(33): Controller->paginate('Contact')
#6 [internal function]: ContactsController->index()
#7 /Applications/XAMPP/xamppfiles/htdocs/CakeBook_sample/www/lib/Cake/Controller/Controller.php(473): ReflectionMethod->invokeArgs(Object(ContactsController), Array)
#8 /Applications/XAMPP/xamppfiles/htdocs/CakeBook_sample/www/lib/Cake/Routing/Dispatcher.php(104): Controller->invokeAction(Object(CakeRequest))
#9 /Applications/XAMPP/xamppfiles/htdocs/CakeBook_sample/www/lib/Cake/Routing/Dispatcher.php(86): Dispatcher->_invoke(Object(ContactsController), Object(CakeRequest), Object(CakeResponse))
#10 /Applications/XAMPP/xamppfiles/htdocs/CakeBook_sample/www/sample2/webroot/index.php(96): Dispatcher->dispatch(Object(CakeRequest), Object(CakeResponse))
#11 {main}
2014-09-22 11:05:04 Error: [MissingTableException] Database table mtr_favolites for model MtrFavolite was not found.
#0 /Applications/XAMPP/xamppfiles/htdocs/CakeBook_sample/www/lib/Cake/Model/Model.php(3265): Model->setSource('mtr_favolites')
#1 /Applications/XAMPP/xamppfiles/htdocs/CakeBook_sample/www/lib/Cake/Model/Datasource/DboSource.php(1026): Model->getDataSource()
#2 /Applications/XAMPP/xamppfiles/htdocs/CakeBook_sample/www/lib/Cake/Model/Model.php(2483): DboSource->read(Object(Contact), Array)
#3 /Applications/XAMPP/xamppfiles/htdocs/CakeBook_sample/www/lib/Cake/Controller/Component/PaginatorComponent.php(172): Model->find('all', Array)
#4 /Applications/XAMPP/xamppfiles/htdocs/CakeBook_sample/www/lib/Cake/Controller/Controller.php(1025): PaginatorComponent->paginate('Contact', Array, Array)
#5 /Applications/XAMPP/xamppfiles/htdocs/CakeBook_sample/www/sample2/Controller/ContactsController.php(33): Controller->paginate('Contact')
#6 [internal function]: ContactsController->index()
#7 /Applications/XAMPP/xamppfiles/htdocs/CakeBook_sample/www/lib/Cake/Controller/Controller.php(473): ReflectionMethod->invokeArgs(Object(ContactsController), Array)
#8 /Applications/XAMPP/xamppfiles/htdocs/CakeBook_sample/www/lib/Cake/Routing/Dispatcher.php(104): Controller->invokeAction(Object(CakeRequest))
#9 /Applications/XAMPP/xamppfiles/htdocs/CakeBook_sample/www/lib/Cake/Routing/Dispatcher.php(86): Dispatcher->_invoke(Object(ContactsController), Object(CakeRequest), Object(CakeResponse))
#10 /Applications/XAMPP/xamppfiles/htdocs/CakeBook_sample/www/sample2/webroot/index.php(96): Dispatcher->dispatch(Object(CakeRequest), Object(CakeResponse))
#11 {main}
2014-09-22 11:05:15 Error: [MissingTableException] Database table mtr_favolites for model MtrFavolite was not found.
#0 /Applications/XAMPP/xamppfiles/htdocs/CakeBook_sample/www/lib/Cake/Model/Model.php(3265): Model->setSource('mtr_favolites')
#1 /Applications/XAMPP/xamppfiles/htdocs/CakeBook_sample/www/lib/Cake/Model/Datasource/DboSource.php(1026): Model->getDataSource()
#2 /Applications/XAMPP/xamppfiles/htdocs/CakeBook_sample/www/lib/Cake/Model/Model.php(2483): DboSource->read(Object(Contact), Array)
#3 /Applications/XAMPP/xamppfiles/htdocs/CakeBook_sample/www/lib/Cake/Controller/Component/PaginatorComponent.php(172): Model->find('all', Array)
#4 /Applications/XAMPP/xamppfiles/htdocs/CakeBook_sample/www/lib/Cake/Controller/Controller.php(1025): PaginatorComponent->paginate('Contact', Array, Array)
#5 /Applications/XAMPP/xamppfiles/htdocs/CakeBook_sample/www/sample2/Controller/ContactsController.php(33): Controller->paginate('Contact')
#6 [internal function]: ContactsController->index()
#7 /Applications/XAMPP/xamppfiles/htdocs/CakeBook_sample/www/lib/Cake/Controller/Controller.php(473): ReflectionMethod->invokeArgs(Object(ContactsController), Array)
#8 /Applications/XAMPP/xamppfiles/htdocs/CakeBook_sample/www/lib/Cake/Routing/Dispatcher.php(104): Controller->invokeAction(Object(CakeRequest))
#9 /Applications/XAMPP/xamppfiles/htdocs/CakeBook_sample/www/lib/Cake/Routing/Dispatcher.php(86): Dispatcher->_invoke(Object(ContactsController), Object(CakeRequest), Object(CakeResponse))
#10 /Applications/XAMPP/xamppfiles/htdocs/CakeBook_sample/www/sample2/webroot/index.php(96): Dispatcher->dispatch(Object(CakeRequest), Object(CakeResponse))
#11 {main}
2014-09-22 11:05:58 Error: [MissingTableException] Database table mtr_favolites for model MtrFavolite was not found.
#0 /Applications/XAMPP/xamppfiles/htdocs/CakeBook_sample/www/lib/Cake/Model/Model.php(3265): Model->setSource('mtr_favolites')
#1 /Applications/XAMPP/xamppfiles/htdocs/CakeBook_sample/www/lib/Cake/Model/Datasource/DboSource.php(1026): Model->getDataSource()
#2 /Applications/XAMPP/xamppfiles/htdocs/CakeBook_sample/www/lib/Cake/Model/Model.php(2483): DboSource->read(Object(Contact), Array)
#3 /Applications/XAMPP/xamppfiles/htdocs/CakeBook_sample/www/lib/Cake/Controller/Component/PaginatorComponent.php(172): Model->find('all', Array)
#4 /Applications/XAMPP/xamppfiles/htdocs/CakeBook_sample/www/lib/Cake/Controller/Controller.php(1025): PaginatorComponent->paginate('Contact', Array, Array)
#5 /Applications/XAMPP/xamppfiles/htdocs/CakeBook_sample/www/sample2/Controller/ContactsController.php(33): Controller->paginate('Contact')
#6 [internal function]: ContactsController->index()
#7 /Applications/XAMPP/xamppfiles/htdocs/CakeBook_sample/www/lib/Cake/Controller/Controller.php(473): ReflectionMethod->invokeArgs(Object(ContactsController), Array)
#8 /Applications/XAMPP/xamppfiles/htdocs/CakeBook_sample/www/lib/Cake/Routing/Dispatcher.php(104): Controller->invokeAction(Object(CakeRequest))
#9 /Applications/XAMPP/xamppfiles/htdocs/CakeBook_sample/www/lib/Cake/Routing/Dispatcher.php(86): Dispatcher->_invoke(Object(ContactsController), Object(CakeRequest), Object(CakeResponse))
#10 /Applications/XAMPP/xamppfiles/htdocs/CakeBook_sample/www/sample2/webroot/index.php(96): Dispatcher->dispatch(Object(CakeRequest), Object(CakeResponse))
#11 {main}
2014-09-22 11:07:00 Error: [MissingTableException] Database table mtr_favolites for model MtrFavolite was not found.
#0 /Applications/XAMPP/xamppfiles/htdocs/CakeBook_sample/www/lib/Cake/Model/Model.php(3265): Model->setSource('mtr_favolites')
#1 /Applications/XAMPP/xamppfiles/htdocs/CakeBook_sample/www/lib/Cake/Model/Datasource/DboSource.php(1026): Model->getDataSource()
#2 /Applications/XAMPP/xamppfiles/htdocs/CakeBook_sample/www/lib/Cake/Model/Model.php(2483): DboSource->read(Object(Contact), Array)
#3 /Applications/XAMPP/xamppfiles/htdocs/CakeBook_sample/www/lib/Cake/Controller/Component/PaginatorComponent.php(172): Model->find('all', Array)
#4 /Applications/XAMPP/xamppfiles/htdocs/CakeBook_sample/www/lib/Cake/Controller/Controller.php(1025): PaginatorComponent->paginate('Contact', Array, Array)
#5 /Applications/XAMPP/xamppfiles/htdocs/CakeBook_sample/www/sample2/Controller/ContactsController.php(33): Controller->paginate('Contact')
#6 [internal function]: ContactsController->index()
#7 /Applications/XAMPP/xamppfiles/htdocs/CakeBook_sample/www/lib/Cake/Controller/Controller.php(473): ReflectionMethod->invokeArgs(Object(ContactsController), Array)
#8 /Applications/XAMPP/xamppfiles/htdocs/CakeBook_sample/www/lib/Cake/Routing/Dispatcher.php(104): Controller->invokeAction(Object(CakeRequest))
#9 /Applications/XAMPP/xamppfiles/htdocs/CakeBook_sample/www/lib/Cake/Routing/Dispatcher.php(86): Dispatcher->_invoke(Object(ContactsController), Object(CakeRequest), Object(CakeResponse))
#10 /Applications/XAMPP/xamppfiles/htdocs/CakeBook_sample/www/sample2/webroot/index.php(96): Dispatcher->dispatch(Object(CakeRequest), Object(CakeResponse))
#11 {main}
2014-09-22 11:08:40 Error: [MissingTableException] Database table mtr_favolites for model MtrFavolite was not found.
#0 /Applications/XAMPP/xamppfiles/htdocs/CakeBook_sample/www/lib/Cake/Model/Model.php(3265): Model->setSource('mtr_favolites')
#1 /Applications/XAMPP/xamppfiles/htdocs/CakeBook_sample/www/lib/Cake/Model/Datasource/DboSource.php(1026): Model->getDataSource()
#2 /Applications/XAMPP/xamppfiles/htdocs/CakeBook_sample/www/lib/Cake/Model/Model.php(2483): DboSource->read(Object(Contact), Array)
#3 /Applications/XAMPP/xamppfiles/htdocs/CakeBook_sample/www/lib/Cake/Controller/Component/PaginatorComponent.php(172): Model->find('all', Array)
#4 /Applications/XAMPP/xamppfiles/htdocs/CakeBook_sample/www/lib/Cake/Controller/Controller.php(1025): PaginatorComponent->paginate('Contact', Array, Array)
#5 /Applications/XAMPP/xamppfiles/htdocs/CakeBook_sample/www/sample2/Controller/ContactsController.php(33): Controller->paginate('Contact')
#6 [internal function]: ContactsController->index()
#7 /Applications/XAMPP/xamppfiles/htdocs/CakeBook_sample/www/lib/Cake/Controller/Controller.php(473): ReflectionMethod->invokeArgs(Object(ContactsController), Array)
#8 /Applications/XAMPP/xamppfiles/htdocs/CakeBook_sample/www/lib/Cake/Routing/Dispatcher.php(104): Controller->invokeAction(Object(CakeRequest))
#9 /Applications/XAMPP/xamppfiles/htdocs/CakeBook_sample/www/lib/Cake/Routing/Dispatcher.php(86): Dispatcher->_invoke(Object(ContactsController), Object(CakeRequest), Object(CakeResponse))
#10 /Applications/XAMPP/xamppfiles/htdocs/CakeBook_sample/www/sample2/webroot/index.php(96): Dispatcher->dispatch(Object(CakeRequest), Object(CakeResponse))
#11 {main}
2014-09-22 11:09:50 Error: [MissingTableException] Database table mtr_favolites for model MtrFavolite was not found.
#0 /Applications/XAMPP/xamppfiles/htdocs/CakeBook_sample/www/lib/Cake/Model/Model.php(3265): Model->setSource('mtr_favolites')
#1 /Applications/XAMPP/xamppfiles/htdocs/CakeBook_sample/www/lib/Cake/Model/Datasource/DboSource.php(1026): Model->getDataSource()
#2 /Applications/XAMPP/xamppfiles/htdocs/CakeBook_sample/www/lib/Cake/Model/Model.php(2483): DboSource->read(Object(Contact), Array)
#3 /Applications/XAMPP/xamppfiles/htdocs/CakeBook_sample/www/lib/Cake/Controller/Component/PaginatorComponent.php(172): Model->find('all', Array)
#4 /Applications/XAMPP/xamppfiles/htdocs/CakeBook_sample/www/lib/Cake/Controller/Controller.php(1025): PaginatorComponent->paginate('Contact', Array, Array)
#5 /Applications/XAMPP/xamppfiles/htdocs/CakeBook_sample/www/sample2/Controller/ContactsController.php(33): Controller->paginate('Contact')
#6 [internal function]: ContactsController->index()
#7 /Applications/XAMPP/xamppfiles/htdocs/CakeBook_sample/www/lib/Cake/Controller/Controller.php(473): ReflectionMethod->invokeArgs(Object(ContactsController), Array)
#8 /Applications/XAMPP/xamppfiles/htdocs/CakeBook_sample/www/lib/Cake/Routing/Dispatcher.php(104): Controller->invokeAction(Object(CakeRequest))
#9 /Applications/XAMPP/xamppfiles/htdocs/CakeBook_sample/www/lib/Cake/Routing/Dispatcher.php(86): Dispatcher->_invoke(Object(ContactsController), Object(CakeRequest), Object(CakeResponse))
#10 /Applications/XAMPP/xamppfiles/htdocs/CakeBook_sample/www/sample2/webroot/index.php(96): Dispatcher->dispatch(Object(CakeRequest), Object(CakeResponse))
#11 {main}
2014-09-22 11:12:06 Error: [MissingTableException] Database table mtr_favolites for model MtrFavolite was not found.
#0 /Applications/XAMPP/xamppfiles/htdocs/CakeBook_sample/www/lib/Cake/Model/Model.php(3265): Model->setSource('mtr_favolites')
#1 /Applications/XAMPP/xamppfiles/htdocs/CakeBook_sample/www/lib/Cake/Model/Datasource/DboSource.php(1026): Model->getDataSource()
#2 /Applications/XAMPP/xamppfiles/htdocs/CakeBook_sample/www/lib/Cake/Model/Model.php(2483): DboSource->read(Object(Contact), Array)
#3 /Applications/XAMPP/xamppfiles/htdocs/CakeBook_sample/www/lib/Cake/Controller/Component/PaginatorComponent.php(172): Model->find('all', Array)
#4 /Applications/XAMPP/xamppfiles/htdocs/CakeBook_sample/www/lib/Cake/Controller/Controller.php(1025): PaginatorComponent->paginate('Contact', Array, Array)
#5 /Applications/XAMPP/xamppfiles/htdocs/CakeBook_sample/www/sample2/Controller/ContactsController.php(33): Controller->paginate('Contact')
#6 [internal function]: ContactsController->index()
#7 /Applications/XAMPP/xamppfiles/htdocs/CakeBook_sample/www/lib/Cake/Controller/Controller.php(473): ReflectionMethod->invokeArgs(Object(ContactsController), Array)
#8 /Applications/XAMPP/xamppfiles/htdocs/CakeBook_sample/www/lib/Cake/Routing/Dispatcher.php(104): Controller->invokeAction(Object(CakeRequest))
#9 /Applications/XAMPP/xamppfiles/htdocs/CakeBook_sample/www/lib/Cake/Routing/Dispatcher.php(86): Dispatcher->_invoke(Object(ContactsController), Object(CakeRequest), Object(CakeResponse))
#10 /Applications/XAMPP/xamppfiles/htdocs/CakeBook_sample/www/sample2/webroot/index.php(96): Dispatcher->dispatch(Object(CakeRequest), Object(CakeResponse))
#11 {main}
2014-09-22 11:13:09 Error: [MissingTableException] Database table mtr_favolites for model MtrFavolite was not found.
#0 /Applications/XAMPP/xamppfiles/htdocs/CakeBook_sample/www/lib/Cake/Model/Model.php(3265): Model->setSource('mtr_favolites')
#1 /Applications/XAMPP/xamppfiles/htdocs/CakeBook_sample/www/lib/Cake/Model/Datasource/DboSource.php(1026): Model->getDataSource()
#2 /Applications/XAMPP/xamppfiles/htdocs/CakeBook_sample/www/lib/Cake/Model/Model.php(2483): DboSource->read(Object(Contact), Array)
#3 /Applications/XAMPP/xamppfiles/htdocs/CakeBook_sample/www/lib/Cake/Controller/Component/PaginatorComponent.php(172): Model->find('all', Array)
#4 /Applications/XAMPP/xamppfiles/htdocs/CakeBook_sample/www/lib/Cake/Controller/Controller.php(1025): PaginatorComponent->paginate('Contact', Array, Array)
#5 /Applications/XAMPP/xamppfiles/htdocs/CakeBook_sample/www/sample2/Controller/ContactsController.php(33): Controller->paginate('Contact')
#6 [internal function]: ContactsController->index()
#7 /Applications/XAMPP/xamppfiles/htdocs/CakeBook_sample/www/lib/Cake/Controller/Controller.php(473): ReflectionMethod->invokeArgs(Object(ContactsController), Array)
#8 /Applications/XAMPP/xamppfiles/htdocs/CakeBook_sample/www/lib/Cake/Routing/Dispatcher.php(104): Controller->invokeAction(Object(CakeRequest))
#9 /Applications/XAMPP/xamppfiles/htdocs/CakeBook_sample/www/lib/Cake/Routing/Dispatcher.php(86): Dispatcher->_invoke(Object(ContactsController), Object(CakeRequest), Object(CakeResponse))
#10 /Applications/XAMPP/xamppfiles/htdocs/CakeBook_sample/www/sample2/webroot/index.php(96): Dispatcher->dispatch(Object(CakeRequest), Object(CakeResponse))
#11 {main}
2014-09-22 11:13:09 Error: [MissingTableException] Database table mtr_favolites for model MtrFavolite was not found.
#0 /Applications/XAMPP/xamppfiles/htdocs/CakeBook_sample/www/lib/Cake/Model/Model.php(3265): Model->setSource('mtr_favolites')
#1 /Applications/XAMPP/xamppfiles/htdocs/CakeBook_sample/www/lib/Cake/Model/Datasource/DboSource.php(1026): Model->getDataSource()
#2 /Applications/XAMPP/xamppfiles/htdocs/CakeBook_sample/www/lib/Cake/Model/Model.php(2483): DboSource->read(Object(Contact), Array)
#3 /Applications/XAMPP/xamppfiles/htdocs/CakeBook_sample/www/lib/Cake/Controller/Component/PaginatorComponent.php(172): Model->find('all', Array)
#4 /Applications/XAMPP/xamppfiles/htdocs/CakeBook_sample/www/lib/Cake/Controller/Controller.php(1025): PaginatorComponent->paginate('Contact', Array, Array)
#5 /Applications/XAMPP/xamppfiles/htdocs/CakeBook_sample/www/sample2/Controller/ContactsController.php(33): Controller->paginate('Contact')
#6 [internal function]: ContactsController->index()
#7 /Applications/XAMPP/xamppfiles/htdocs/CakeBook_sample/www/lib/Cake/Controller/Controller.php(473): ReflectionMethod->invokeArgs(Object(ContactsController), Array)
#8 /Applications/XAMPP/xamppfiles/htdocs/CakeBook_sample/www/lib/Cake/Routing/Dispatcher.php(104): Controller->invokeAction(Object(CakeRequest))
#9 /Applications/XAMPP/xamppfiles/htdocs/CakeBook_sample/www/lib/Cake/Routing/Dispatcher.php(86): Dispatcher->_invoke(Object(ContactsController), Object(CakeRequest), Object(CakeResponse))
#10 /Applications/XAMPP/xamppfiles/htdocs/CakeBook_sample/www/sample2/webroot/index.php(96): Dispatcher->dispatch(Object(CakeRequest), Object(CakeResponse))
#11 {main}
2014-09-22 11:17:24 Error: [MissingControllerException] Controller class UserController could not be found.
#0 /Applications/XAMPP/xamppfiles/htdocs/CakeBook_sample/www/sample2/webroot/index.php(96): Dispatcher->dispatch(Object(CakeRequest), Object(CakeResponse))
#1 {main}
2014-09-22 11:22:14 Error: [MissingControllerException] Controller class ContactController could not be found.
#0 /Applications/XAMPP/xamppfiles/htdocs/CakeBook_sample/www/sample2/webroot/index.php(96): Dispatcher->dispatch(Object(CakeRequest), Object(CakeResponse))
#1 {main}
2014-09-22 11:22:21 Error: [MissingTableException] Database table mtr_favolites for model MtrFavolite was not found.
#0 /Applications/XAMPP/xamppfiles/htdocs/CakeBook_sample/www/lib/Cake/Model/Model.php(3265): Model->setSource('mtr_favolites')
#1 /Applications/XAMPP/xamppfiles/htdocs/CakeBook_sample/www/lib/Cake/Model/Datasource/DboSource.php(1026): Model->getDataSource()
#2 /Applications/XAMPP/xamppfiles/htdocs/CakeBook_sample/www/lib/Cake/Model/Model.php(2483): DboSource->read(Object(Contact), Array)
#3 /Applications/XAMPP/xamppfiles/htdocs/CakeBook_sample/www/lib/Cake/Controller/Component/PaginatorComponent.php(172): Model->find('all', Array)
#4 /Applications/XAMPP/xamppfiles/htdocs/CakeBook_sample/www/lib/Cake/Controller/Controller.php(1025): PaginatorComponent->paginate('Contact', Array, Array)
#5 /Applications/XAMPP/xamppfiles/htdocs/CakeBook_sample/www/sample2/Controller/ContactsController.php(33): Controller->paginate('Contact')
#6 [internal function]: ContactsController->index()
#7 /Applications/XAMPP/xamppfiles/htdocs/CakeBook_sample/www/lib/Cake/Controller/Controller.php(473): ReflectionMethod->invokeArgs(Object(ContactsController), Array)
#8 /Applications/XAMPP/xamppfiles/htdocs/CakeBook_sample/www/lib/Cake/Routing/Dispatcher.php(104): Controller->invokeAction(Object(CakeRequest))
#9 /Applications/XAMPP/xamppfiles/htdocs/CakeBook_sample/www/lib/Cake/Routing/Dispatcher.php(86): Dispatcher->_invoke(Object(ContactsController), Object(CakeRequest), Object(CakeResponse))
#10 /Applications/XAMPP/xamppfiles/htdocs/CakeBook_sample/www/sample2/webroot/index.php(96): Dispatcher->dispatch(Object(CakeRequest), Object(CakeResponse))
#11 {main}
2014-09-22 11:25:14 Error: [MissingTableException] Database table mtr_favolites for model MtrFavolite was not found.
#0 /Applications/XAMPP/xamppfiles/htdocs/CakeBook_sample/www/lib/Cake/Model/Model.php(3265): Model->setSource('mtr_favolites')
#1 /Applications/XAMPP/xamppfiles/htdocs/CakeBook_sample/www/lib/Cake/Model/Datasource/DboSource.php(1026): Model->getDataSource()
#2 /Applications/XAMPP/xamppfiles/htdocs/CakeBook_sample/www/lib/Cake/Model/Model.php(2483): DboSource->read(Object(Contact), Array)
#3 /Applications/XAMPP/xamppfiles/htdocs/CakeBook_sample/www/lib/Cake/Controller/Component/PaginatorComponent.php(172): Model->find('all', Array)
#4 /Applications/XAMPP/xamppfiles/htdocs/CakeBook_sample/www/lib/Cake/Controller/Controller.php(1025): PaginatorComponent->paginate('Contact', Array, Array)
#5 /Applications/XAMPP/xamppfiles/htdocs/CakeBook_sample/www/sample2/Controller/ContactsController.php(33): Controller->paginate('Contact')
#6 [internal function]: ContactsController->index()
#7 /Applications/XAMPP/xamppfiles/htdocs/CakeBook_sample/www/lib/Cake/Controller/Controller.php(473): ReflectionMethod->invokeArgs(Object(ContactsController), Array)
#8 /Applications/XAMPP/xamppfiles/htdocs/CakeBook_sample/www/lib/Cake/Routing/Dispatcher.php(104): Controller->invokeAction(Object(CakeRequest))
#9 /Applications/XAMPP/xamppfiles/htdocs/CakeBook_sample/www/lib/Cake/Routing/Dispatcher.php(86): Dispatcher->_invoke(Object(ContactsController), Object(CakeRequest), Object(CakeResponse))
#10 /Applications/XAMPP/xamppfiles/htdocs/CakeBook_sample/www/sample2/webroot/index.php(96): Dispatcher->dispatch(Object(CakeRequest), Object(CakeResponse))
#11 {main}
2014-09-22 11:25:26 Error: [MissingTableException] Database table mtr_favolites for model MtrFavolite was not found.
#0 /Applications/XAMPP/xamppfiles/htdocs/CakeBook_sample/www/lib/Cake/Model/Model.php(3265): Model->setSource('mtr_favolites')
#1 /Applications/XAMPP/xamppfiles/htdocs/CakeBook_sample/www/lib/Cake/Model/Datasource/DboSource.php(1026): Model->getDataSource()
#2 /Applications/XAMPP/xamppfiles/htdocs/CakeBook_sample/www/lib/Cake/Model/Model.php(2483): DboSource->read(Object(Contact), Array)
#3 /Applications/XAMPP/xamppfiles/htdocs/CakeBook_sample/www/lib/Cake/Controller/Component/PaginatorComponent.php(172): Model->find('all', Array)
#4 /Applications/XAMPP/xamppfiles/htdocs/CakeBook_sample/www/lib/Cake/Controller/Controller.php(1025): PaginatorComponent->paginate('Contact', Array, Array)
#5 /Applications/XAMPP/xamppfiles/htdocs/CakeBook_sample/www/sample2/Controller/ContactsController.php(33): Controller->paginate('Contact')
#6 [internal function]: ContactsController->index()
#7 /Applications/XAMPP/xamppfiles/htdocs/CakeBook_sample/www/lib/Cake/Controller/Controller.php(473): ReflectionMethod->invokeArgs(Object(ContactsController), Array)
#8 /Applications/XAMPP/xamppfiles/htdocs/CakeBook_sample/www/lib/Cake/Routing/Dispatcher.php(104): Controller->invokeAction(Object(CakeRequest))
#9 /Applications/XAMPP/xamppfiles/htdocs/CakeBook_sample/www/lib/Cake/Routing/Dispatcher.php(86): Dispatcher->_invoke(Object(ContactsController), Object(CakeRequest), Object(CakeResponse))
#10 /Applications/XAMPP/xamppfiles/htdocs/CakeBook_sample/www/sample2/webroot/index.php(96): Dispatcher->dispatch(Object(CakeRequest), Object(CakeResponse))
#11 {main}
2014-09-22 11:25:27 Error: [MissingControllerException] Controller class ContactController could not be found.
#0 /Applications/XAMPP/xamppfiles/htdocs/CakeBook_sample/www/sample2/webroot/index.php(96): Dispatcher->dispatch(Object(CakeRequest), Object(CakeResponse))
#1 {main}
2014-09-22 11:25:27 Error: [MissingTableException] Database table mtr_favolites for model MtrFavolite was not found.
#0 /Applications/XAMPP/xamppfiles/htdocs/CakeBook_sample/www/lib/Cake/Model/Model.php(3265): Model->setSource('mtr_favolites')
#1 /Applications/XAMPP/xamppfiles/htdocs/CakeBook_sample/www/lib/Cake/Model/Datasource/DboSource.php(1026): Model->getDataSource()
#2 /Applications/XAMPP/xamppfiles/htdocs/CakeBook_sample/www/lib/Cake/Model/Model.php(2483): DboSource->read(Object(Contact), Array)
#3 /Applications/XAMPP/xamppfiles/htdocs/CakeBook_sample/www/lib/Cake/Controller/Component/PaginatorComponent.php(172): Model->find('all', Array)
#4 /Applications/XAMPP/xamppfiles/htdocs/CakeBook_sample/www/lib/Cake/Controller/Controller.php(1025): PaginatorComponent->paginate('Contact', Array, Array)
#5 /Applications/XAMPP/xamppfiles/htdocs/CakeBook_sample/www/sample2/Controller/ContactsController.php(33): Controller->paginate('Contact')
#6 [internal function]: ContactsController->index()
#7 /Applications/XAMPP/xamppfiles/htdocs/CakeBook_sample/www/lib/Cake/Controller/Controller.php(473): ReflectionMethod->invokeArgs(Object(ContactsController), Array)
#8 /Applications/XAMPP/xamppfiles/htdocs/CakeBook_sample/www/lib/Cake/Routing/Dispatcher.php(104): Controller->invokeAction(Object(CakeRequest))
#9 /Applications/XAMPP/xamppfiles/htdocs/CakeBook_sample/www/lib/Cake/Routing/Dispatcher.php(86): Dispatcher->_invoke(Object(ContactsController), Object(CakeRequest), Object(CakeResponse))
#10 /Applications/XAMPP/xamppfiles/htdocs/CakeBook_sample/www/sample2/webroot/index.php(96): Dispatcher->dispatch(Object(CakeRequest), Object(CakeResponse))
#11 {main}
2014-09-22 11:25:52 Error: [MissingTableException] Database table mtr_favolites for model MtrFavolite was not found.
#0 /Applications/XAMPP/xamppfiles/htdocs/CakeBook_sample/www/lib/Cake/Model/Model.php(3265): Model->setSource('mtr_favolites')
#1 /Applications/XAMPP/xamppfiles/htdocs/CakeBook_sample/www/lib/Cake/Model/Datasource/DboSource.php(1026): Model->getDataSource()
#2 /Applications/XAMPP/xamppfiles/htdocs/CakeBook_sample/www/lib/Cake/Model/Model.php(2483): DboSource->read(Object(Contact), Array)
#3 /Applications/XAMPP/xamppfiles/htdocs/CakeBook_sample/www/lib/Cake/Controller/Component/PaginatorComponent.php(172): Model->find('all', Array)
#4 /Applications/XAMPP/xamppfiles/htdocs/CakeBook_sample/www/lib/Cake/Controller/Controller.php(1025): PaginatorComponent->paginate('Contact', Array, Array)
#5 /Applications/XAMPP/xamppfiles/htdocs/CakeBook_sample/www/sample2/Controller/ContactsController.php(33): Controller->paginate('Contact')
#6 [internal function]: ContactsController->index()
#7 /Applications/XAMPP/xamppfiles/htdocs/CakeBook_sample/www/lib/Cake/Controller/Controller.php(473): ReflectionMethod->invokeArgs(Object(ContactsController), Array)
#8 /Applications/XAMPP/xamppfiles/htdocs/CakeBook_sample/www/lib/Cake/Routing/Dispatcher.php(104): Controller->invokeAction(Object(CakeRequest))
#9 /Applications/XAMPP/xamppfiles/htdocs/CakeBook_sample/www/lib/Cake/Routing/Dispatcher.php(86): Dispatcher->_invoke(Object(ContactsController), Object(CakeRequest), Object(CakeResponse))
#10 /Applications/XAMPP/xamppfiles/htdocs/CakeBook_sample/www/sample2/webroot/index.php(96): Dispatcher->dispatch(Object(CakeRequest), Object(CakeResponse))
#11 {main}
2014-09-22 11:26:03 Error: [MissingTableException] Database table mtr_favolites for model MtrFavolite was not found.
#0 /Applications/XAMPP/xamppfiles/htdocs/CakeBook_sample/www/lib/Cake/Model/Model.php(3265): Model->setSource('mtr_favolites')
#1 /Applications/XAMPP/xamppfiles/htdocs/CakeBook_sample/www/lib/Cake/Model/Datasource/DboSource.php(1026): Model->getDataSource()
#2 /Applications/XAMPP/xamppfiles/htdocs/CakeBook_sample/www/lib/Cake/Model/Model.php(2483): DboSource->read(Object(Contact), Array)
#3 /Applications/XAMPP/xamppfiles/htdocs/CakeBook_sample/www/lib/Cake/Controller/Component/PaginatorComponent.php(172): Model->find('all', Array)
#4 /Applications/XAMPP/xamppfiles/htdocs/CakeBook_sample/www/lib/Cake/Controller/Controller.php(1025): PaginatorComponent->paginate('Contact', Array, Array)
#5 /Applications/XAMPP/xamppfiles/htdocs/CakeBook_sample/www/sample2/Controller/ContactsController.php(33): Controller->paginate('Contact')
#6 [internal function]: ContactsController->index()
#7 /Applications/XAMPP/xamppfiles/htdocs/CakeBook_sample/www/lib/Cake/Controller/Controller.php(473): ReflectionMethod->invokeArgs(Object(ContactsController), Array)
#8 /Applications/XAMPP/xamppfiles/htdocs/CakeBook_sample/www/lib/Cake/Routing/Dispatcher.php(104): Controller->invokeAction(Object(CakeRequest))
#9 /Applications/XAMPP/xamppfiles/htdocs/CakeBook_sample/www/lib/Cake/Routing/Dispatcher.php(86): Dispatcher->_invoke(Object(ContactsController), Object(CakeRequest), Object(CakeResponse))
#10 /Applications/XAMPP/xamppfiles/htdocs/CakeBook_sample/www/sample2/webroot/index.php(96): Dispatcher->dispatch(Object(CakeRequest), Object(CakeResponse))
#11 {main}
2014-09-22 11:28:29 Error: [MissingViewException] View file "/Applications/XAMPP/xamppfiles/htdocs/CakeBook_sample/www/sample2/View/Users/user_list.ctp" is missing.
#0 /Applications/XAMPP/xamppfiles/htdocs/CakeBook_sample/www/lib/Cake/View/View.php(360): View->_getViewFileName(NULL)
#1 /Applications/XAMPP/xamppfiles/htdocs/CakeBook_sample/www/lib/Cake/Controller/Controller.php(900): View->render(NULL, NULL)
#2 /Applications/XAMPP/xamppfiles/htdocs/CakeBook_sample/www/lib/Cake/Routing/Dispatcher.php(111): Controller->render()
#3 /Applications/XAMPP/xamppfiles/htdocs/CakeBook_sample/www/lib/Cake/Routing/Dispatcher.php(86): Dispatcher->_invoke(Object(UsersController), Object(CakeRequest), Object(CakeResponse))
#4 /Applications/XAMPP/xamppfiles/htdocs/CakeBook_sample/www/sample2/webroot/index.php(96): Dispatcher->dispatch(Object(CakeRequest), Object(CakeResponse))
#5 {main}
2014-09-22 11:29:30 Error: [MissingViewException] View file "/Applications/XAMPP/xamppfiles/htdocs/CakeBook_sample/www/sample2/View/Users/user_list.ctp" is missing.
#0 /Applications/XAMPP/xamppfiles/htdocs/CakeBook_sample/www/lib/Cake/View/View.php(360): View->_getViewFileName(NULL)
#1 /Applications/XAMPP/xamppfiles/htdocs/CakeBook_sample/www/lib/Cake/Controller/Controller.php(900): View->render(NULL, NULL)
#2 /Applications/XAMPP/xamppfiles/htdocs/CakeBook_sample/www/lib/Cake/Routing/Dispatcher.php(111): Controller->render()
#3 /Applications/XAMPP/xamppfiles/htdocs/CakeBook_sample/www/lib/Cake/Routing/Dispatcher.php(86): Dispatcher->_invoke(Object(UsersController), Object(CakeRequest), Object(CakeResponse))
#4 /Applications/XAMPP/xamppfiles/htdocs/CakeBook_sample/www/sample2/webroot/index.php(96): Dispatcher->dispatch(Object(CakeRequest), Object(CakeResponse))
#5 {main}
2014-09-22 11:30:20 Error: [MissingViewException] View file "/Applications/XAMPP/xamppfiles/htdocs/CakeBook_sample/www/sample2/View/Users/user_list.ctp" is missing.
#0 /Applications/XAMPP/xamppfiles/htdocs/CakeBook_sample/www/lib/Cake/View/View.php(360): View->_getViewFileName(NULL)
#1 /Applications/XAMPP/xamppfiles/htdocs/CakeBook_sample/www/lib/Cake/Controller/Controller.php(900): View->render(NULL, NULL)
#2 /Applications/XAMPP/xamppfiles/htdocs/CakeBook_sample/www/lib/Cake/Routing/Dispatcher.php(111): Controller->render()
#3 /Applications/XAMPP/xamppfiles/htdocs/CakeBook_sample/www/lib/Cake/Routing/Dispatcher.php(86): Dispatcher->_invoke(Object(UsersController), Object(CakeRequest), Object(CakeResponse))
#4 /Applications/XAMPP/xamppfiles/htdocs/CakeBook_sample/www/sample2/webroot/index.php(96): Dispatcher->dispatch(Object(CakeRequest), Object(CakeResponse))
#5 {main}
2014-09-22 11:30:51 Error: [MissingViewException] View file "/Applications/XAMPP/xamppfiles/htdocs/CakeBook_sample/www/sample2/View/Users/user_list.ctp" is missing.
#0 /Applications/XAMPP/xamppfiles/htdocs/CakeBook_sample/www/lib/Cake/View/View.php(360): View->_getViewFileName(NULL)
#1 /Applications/XAMPP/xamppfiles/htdocs/CakeBook_sample/www/lib/Cake/Controller/Controller.php(900): View->render(NULL, NULL)
#2 /Applications/XAMPP/xamppfiles/htdocs/CakeBook_sample/www/lib/Cake/Routing/Dispatcher.php(111): Controller->render()
#3 /Applications/XAMPP/xamppfiles/htdocs/CakeBook_sample/www/lib/Cake/Routing/Dispatcher.php(86): Dispatcher->_invoke(Object(UsersController), Object(CakeRequest), Object(CakeResponse))
#4 /Applications/XAMPP/xamppfiles/htdocs/CakeBook_sample/www/sample2/webroot/index.php(96): Dispatcher->dispatch(Object(CakeRequest), Object(CakeResponse))
#5 {main}
2014-09-22 11:31:44 Error: [MissingViewException] View file "/Applications/XAMPP/xamppfiles/htdocs/CakeBook_sample/www/sample2/View/Users/user_list.ctp" is missing.
#0 /Applications/XAMPP/xamppfiles/htdocs/CakeBook_sample/www/lib/Cake/View/View.php(360): View->_getViewFileName(NULL)
#1 /Applications/XAMPP/xamppfiles/htdocs/CakeBook_sample/www/lib/Cake/Controller/Controller.php(900): View->render(NULL, NULL)
#2 /Applications/XAMPP/xamppfiles/htdocs/CakeBook_sample/www/lib/Cake/Routing/Dispatcher.php(111): Controller->render()
#3 /Applications/XAMPP/xamppfiles/htdocs/CakeBook_sample/www/lib/Cake/Routing/Dispatcher.php(86): Dispatcher->_invoke(Object(UsersController), Object(CakeRequest), Object(CakeResponse))
#4 /Applications/XAMPP/xamppfiles/htdocs/CakeBook_sample/www/sample2/webroot/index.php(96): Dispatcher->dispatch(Object(CakeRequest), Object(CakeResponse))
#5 {main}
2014-09-22 11:32:23 Error: [MissingViewException] View file "/Applications/XAMPP/xamppfiles/htdocs/CakeBook_sample/www/sample2/View/Users/user_list.ctp" is missing.
#0 /Applications/XAMPP/xamppfiles/htdocs/CakeBook_sample/www/lib/Cake/View/View.php(360): View->_getViewFileName(NULL)
#1 /Applications/XAMPP/xamppfiles/htdocs/CakeBook_sample/www/lib/Cake/Controller/Controller.php(900): View->render(NULL, NULL)
#2 /Applications/XAMPP/xamppfiles/htdocs/CakeBook_sample/www/lib/Cake/Routing/Dispatcher.php(111): Controller->render()
#3 /Applications/XAMPP/xamppfiles/htdocs/CakeBook_sample/www/lib/Cake/Routing/Dispatcher.php(86): Dispatcher->_invoke(Object(UsersController), Object(CakeRequest), Object(CakeResponse))
#4 /Applications/XAMPP/xamppfiles/htdocs/CakeBook_sample/www/sample2/webroot/index.php(96): Dispatcher->dispatch(Object(CakeRequest), Object(CakeResponse))
#5 {main}
2014-09-22 11:32:59 Error: [MissingViewException] View file "/Applications/XAMPP/xamppfiles/htdocs/CakeBook_sample/www/sample2/View/Users/user_list.ctp" is missing.
#0 /Applications/XAMPP/xamppfiles/htdocs/CakeBook_sample/www/lib/Cake/View/View.php(360): View->_getViewFileName(NULL)
#1 /Applications/XAMPP/xamppfiles/htdocs/CakeBook_sample/www/lib/Cake/Controller/Controller.php(900): View->render(NULL, NULL)
#2 /Applications/XAMPP/xamppfiles/htdocs/CakeBook_sample/www/lib/Cake/Routing/Dispatcher.php(111): Controller->render()
#3 /Applications/XAMPP/xamppfiles/htdocs/CakeBook_sample/www/lib/Cake/Routing/Dispatcher.php(86): Dispatcher->_invoke(Object(UsersController), Object(CakeRequest), Object(CakeResponse))
#4 /Applications/XAMPP/xamppfiles/htdocs/CakeBook_sample/www/sample2/webroot/index.php(96): Dispatcher->dispatch(Object(CakeRequest), Object(CakeResponse))
#5 {main}
2014-09-22 11:36:28 Error: [MissingViewException] View file "/Applications/XAMPP/xamppfiles/htdocs/CakeBook_sample/www/sample2/View/Users/user_list.ctp" is missing.
#0 /Applications/XAMPP/xamppfiles/htdocs/CakeBook_sample/www/lib/Cake/View/View.php(360): View->_getViewFileName(NULL)
#1 /Applications/XAMPP/xamppfiles/htdocs/CakeBook_sample/www/lib/Cake/Controller/Controller.php(900): View->render(NULL, NULL)
#2 /Applications/XAMPP/xamppfiles/htdocs/CakeBook_sample/www/lib/Cake/Routing/Dispatcher.php(111): Controller->render()
#3 /Applications/XAMPP/xamppfiles/htdocs/CakeBook_sample/www/lib/Cake/Routing/Dispatcher.php(86): Dispatcher->_invoke(Object(UsersController), Object(CakeRequest), Object(CakeResponse))
#4 /Applications/XAMPP/xamppfiles/htdocs/CakeBook_sample/www/sample2/webroot/index.php(96): Dispatcher->dispatch(Object(CakeRequest), Object(CakeResponse))
#5 {main}
2014-09-22 11:40:23 Error: [MissingViewException] View file "/Applications/XAMPP/xamppfiles/htdocs/CakeBook_sample/www/sample2/View/Users/user_list.ctp" is missing.
#0 /Applications/XAMPP/xamppfiles/htdocs/CakeBook_sample/www/lib/Cake/View/View.php(360): View->_getViewFileName(NULL)
#1 /Applications/XAMPP/xamppfiles/htdocs/CakeBook_sample/www/lib/Cake/Controller/Controller.php(900): View->render(NULL, NULL)
#2 /Applications/XAMPP/xamppfiles/htdocs/CakeBook_sample/www/lib/Cake/Routing/Dispatcher.php(111): Controller->render()
#3 /Applications/XAMPP/xamppfiles/htdocs/CakeBook_sample/www/lib/Cake/Routing/Dispatcher.php(86): Dispatcher->_invoke(Object(UsersController), Object(CakeRequest), Object(CakeResponse))
#4 /Applications/XAMPP/xamppfiles/htdocs/CakeBook_sample/www/sample2/webroot/index.php(96): Dispatcher->dispatch(Object(CakeRequest), Object(CakeResponse))
#5 {main}
2014-09-22 11:43:22 Error: [MissingControllerException] Controller class UserController could not be found.
#0 /Applications/XAMPP/xamppfiles/htdocs/CakeBook_sample/www/sample2/webroot/index.php(96): Dispatcher->dispatch(Object(CakeRequest), Object(CakeResponse))
#1 {main}
2014-09-22 11:43:23 Error: [MissingTableException] Database table mtr_favolites for model MtrFavolite was not found.
#0 /Applications/XAMPP/xamppfiles/htdocs/CakeBook_sample/www/lib/Cake/Model/Model.php(3265): Model->setSource('mtr_favolites')
#1 /Applications/XAMPP/xamppfiles/htdocs/CakeBook_sample/www/lib/Cake/Model/Datasource/DboSource.php(1026): Model->getDataSource()
#2 /Applications/XAMPP/xamppfiles/htdocs/CakeBook_sample/www/lib/Cake/Model/Model.php(2483): DboSource->read(Object(Contact), Array)
#3 /Applications/XAMPP/xamppfiles/htdocs/CakeBook_sample/www/lib/Cake/Controller/Component/PaginatorComponent.php(172): Model->find('all', Array)
#4 /Applications/XAMPP/xamppfiles/htdocs/CakeBook_sample/www/lib/Cake/Controller/Controller.php(1025): PaginatorComponent->paginate('Contact', Array, Array)
#5 /Applications/XAMPP/xamppfiles/htdocs/CakeBook_sample/www/sample2/Controller/ContactsController.php(33): Controller->paginate('Contact')
#6 [internal function]: ContactsController->index()
#7 /Applications/XAMPP/xamppfiles/htdocs/CakeBook_sample/www/lib/Cake/Controller/Controller.php(473): ReflectionMethod->invokeArgs(Object(ContactsController), Array)
#8 /Applications/XAMPP/xamppfiles/htdocs/CakeBook_sample/www/lib/Cake/Routing/Dispatcher.php(104): Controller->invokeAction(Object(CakeRequest))
#9 /Applications/XAMPP/xamppfiles/htdocs/CakeBook_sample/www/lib/Cake/Routing/Dispatcher.php(86): Dispatcher->_invoke(Object(ContactsController), Object(CakeRequest), Object(CakeResponse))
#10 /Applications/XAMPP/xamppfiles/htdocs/CakeBook_sample/www/sample2/webroot/index.php(96): Dispatcher->dispatch(Object(CakeRequest), Object(CakeResponse))
#11 {main}
2014-09-22 11:43:31 Error: [MissingTableException] Database table mtr_favolites for model MtrFavolite was not found.
#0 /Applications/XAMPP/xamppfiles/htdocs/CakeBook_sample/www/lib/Cake/Model/Model.php(3265): Model->setSource('mtr_favolites')
#1 /Applications/XAMPP/xamppfiles/htdocs/CakeBook_sample/www/lib/Cake/Model/Datasource/DboSource.php(1026): Model->getDataSource()
#2 /Applications/XAMPP/xamppfiles/htdocs/CakeBook_sample/www/lib/Cake/Model/Model.php(2483): DboSource->read(Object(Contact), Array)
#3 /Applications/XAMPP/xamppfiles/htdocs/CakeBook_sample/www/lib/Cake/Controller/Component/PaginatorComponent.php(172): Model->find('all', Array)
#4 /Applications/XAMPP/xamppfiles/htdocs/CakeBook_sample/www/lib/Cake/Controller/Controller.php(1025): PaginatorComponent->paginate('Contact', Array, Array)
#5 /Applications/XAMPP/xamppfiles/htdocs/CakeBook_sample/www/sample2/Controller/ContactsController.php(33): Controller->paginate('Contact')
#6 [internal function]: ContactsController->index()
#7 /Applications/XAMPP/xamppfiles/htdocs/CakeBook_sample/www/lib/Cake/Controller/Controller.php(473): ReflectionMethod->invokeArgs(Object(ContactsController), Array)
#8 /Applications/XAMPP/xamppfiles/htdocs/CakeBook_sample/www/lib/Cake/Routing/Dispatcher.php(104): Controller->invokeAction(Object(CakeRequest))
#9 /Applications/XAMPP/xamppfiles/htdocs/CakeBook_sample/www/lib/Cake/Routing/Dispatcher.php(86): Dispatcher->_invoke(Object(ContactsController), Object(CakeRequest), Object(CakeResponse))
#10 /Applications/XAMPP/xamppfiles/htdocs/CakeBook_sample/www/sample2/webroot/index.php(96): Dispatcher->dispatch(Object(CakeRequest), Object(CakeResponse))
#11 {main}
2014-09-22 11:43:40 Error: [MissingTableException] Database table mtr_favolites for model MtrFavolite was not found.
#0 /Applications/XAMPP/xamppfiles/htdocs/CakeBook_sample/www/lib/Cake/Model/Model.php(3265): Model->setSource('mtr_favolites')
#1 /Applications/XAMPP/xamppfiles/htdocs/CakeBook_sample/www/lib/Cake/Model/Datasource/DboSource.php(1026): Model->getDataSource()
#2 /Applications/XAMPP/xamppfiles/htdocs/CakeBook_sample/www/lib/Cake/Model/Model.php(2483): DboSource->read(Object(Contact), Array)
#3 /Applications/XAMPP/xamppfiles/htdocs/CakeBook_sample/www/lib/Cake/Controller/Component/PaginatorComponent.php(172): Model->find('all', Array)
#4 /Applications/XAMPP/xamppfiles/htdocs/CakeBook_sample/www/lib/Cake/Controller/Controller.php(1025): PaginatorComponent->paginate('Contact', Array, Array)
#5 /Applications/XAMPP/xamppfiles/htdocs/CakeBook_sample/www/sample2/Controller/ContactsController.php(33): Controller->paginate('Contact')
#6 [internal function]: ContactsController->index()
#7 /Applications/XAMPP/xamppfiles/htdocs/CakeBook_sample/www/lib/Cake/Controller/Controller.php(473): ReflectionMethod->invokeArgs(Object(ContactsController), Array)
#8 /Applications/XAMPP/xamppfiles/htdocs/CakeBook_sample/www/lib/Cake/Routing/Dispatcher.php(104): Controller->invokeAction(Object(CakeRequest))
#9 /Applications/XAMPP/xamppfiles/htdocs/CakeBook_sample/www/lib/Cake/Routing/Dispatcher.php(86): Dispatcher->_invoke(Object(ContactsController), Object(CakeRequest), Object(CakeResponse))
#10 /Applications/XAMPP/xamppfiles/htdocs/CakeBook_sample/www/sample2/webroot/index.php(96): Dispatcher->dispatch(Object(CakeRequest), Object(CakeResponse))
#11 {main}
2014-09-22 11:43:40 Error: [MissingTableException] Database table mtr_favolites for model MtrFavolite was not found.
#0 /Applications/XAMPP/xamppfiles/htdocs/CakeBook_sample/www/lib/Cake/Model/Model.php(3265): Model->setSource('mtr_favolites')
#1 /Applications/XAMPP/xamppfiles/htdocs/CakeBook_sample/www/lib/Cake/Model/Datasource/DboSource.php(1026): Model->getDataSource()
#2 /Applications/XAMPP/xamppfiles/htdocs/CakeBook_sample/www/lib/Cake/Model/Model.php(2483): DboSource->read(Object(Contact), Array)
#3 /Applications/XAMPP/xamppfiles/htdocs/CakeBook_sample/www/lib/Cake/Controller/Component/PaginatorComponent.php(172): Model->find('all', Array)
#4 /Applications/XAMPP/xamppfiles/htdocs/CakeBook_sample/www/lib/Cake/Controller/Controller.php(1025): PaginatorComponent->paginate('Contact', Array, Array)
#5 /Applications/XAMPP/xamppfiles/htdocs/CakeBook_sample/www/sample2/Controller/ContactsController.php(33): Controller->paginate('Contact')
#6 [internal function]: ContactsController->index()
#7 /Applications/XAMPP/xamppfiles/htdocs/CakeBook_sample/www/lib/Cake/Controller/Controller.php(473): ReflectionMethod->invokeArgs(Object(ContactsController), Array)
#8 /Applications/XAMPP/xamppfiles/htdocs/CakeBook_sample/www/lib/Cake/Routing/Dispatcher.php(104): Controller->invokeAction(Object(CakeRequest))
#9 /Applications/XAMPP/xamppfiles/htdocs/CakeBook_sample/www/lib/Cake/Routing/Dispatcher.php(86): Dispatcher->_invoke(Object(ContactsController), Object(CakeRequest), Object(CakeResponse))
#10 /Applications/XAMPP/xamppfiles/htdocs/CakeBook_sample/www/sample2/webroot/index.php(96): Dispatcher->dispatch(Object(CakeRequest), Object(CakeResponse))
#11 {main}
2014-09-22 11:46:12 Error: [MissingTableException] Database table mtr_favolites for model MtrFavolite was not found.
#0 /Applications/XAMPP/xamppfiles/htdocs/CakeBook_sample/www/lib/Cake/Model/Model.php(3265): Model->setSource('mtr_favolites')
#1 /Applications/XAMPP/xamppfiles/htdocs/CakeBook_sample/www/lib/Cake/Model/Datasource/DboSource.php(1026): Model->getDataSource()
#2 /Applications/XAMPP/xamppfiles/htdocs/CakeBook_sample/www/lib/Cake/Model/Model.php(2483): DboSource->read(Object(Contact), Array)
#3 /Applications/XAMPP/xamppfiles/htdocs/CakeBook_sample/www/lib/Cake/Controller/Component/PaginatorComponent.php(172): Model->find('all', Array)
#4 /Applications/XAMPP/xamppfiles/htdocs/CakeBook_sample/www/lib/Cake/Controller/Controller.php(1025): PaginatorComponent->paginate('Contact', Array, Array)
#5 /Applications/XAMPP/xamppfiles/htdocs/CakeBook_sample/www/sample2/Controller/ContactsController.php(33): Controller->paginate('Contact')
#6 [internal function]: ContactsController->index()
#7 /Applications/XAMPP/xamppfiles/htdocs/CakeBook_sample/www/lib/Cake/Controller/Controller.php(473): ReflectionMethod->invokeArgs(Object(ContactsController), Array)
#8 /Applications/XAMPP/xamppfiles/htdocs/CakeBook_sample/www/lib/Cake/Routing/Dispatcher.php(104): Controller->invokeAction(Object(CakeRequest))
#9 /Applications/XAMPP/xamppfiles/htdocs/CakeBook_sample/www/lib/Cake/Routing/Dispatcher.php(86): Dispatcher->_invoke(Object(ContactsController), Object(CakeRequest), Object(CakeResponse))
#10 /Applications/XAMPP/xamppfiles/htdocs/CakeBook_sample/www/sample2/webroot/index.php(96): Dispatcher->dispatch(Object(CakeRequest), Object(CakeResponse))
#11 {main}
2014-09-22 11:47:57 Error: [MissingTableException] Database table mtr_favolites for model MtrFavolite was not found.
#0 /Applications/XAMPP/xamppfiles/htdocs/CakeBook_sample/www/lib/Cake/Model/Model.php(3265): Model->setSource('mtr_favolites')
#1 /Applications/XAMPP/xamppfiles/htdocs/CakeBook_sample/www/lib/Cake/Model/Datasource/DboSource.php(1026): Model->getDataSource()
#2 /Applications/XAMPP/xamppfiles/htdocs/CakeBook_sample/www/lib/Cake/Model/Model.php(2483): DboSource->read(Object(Contact), Array)
#3 /Applications/XAMPP/xamppfiles/htdocs/CakeBook_sample/www/lib/Cake/Controller/Component/PaginatorComponent.php(172): Model->find('all', Array)
#4 /Applications/XAMPP/xamppfiles/htdocs/CakeBook_sample/www/lib/Cake/Controller/Controller.php(1025): PaginatorComponent->paginate('Contact', Array, Array)
#5 /Applications/XAMPP/xamppfiles/htdocs/CakeBook_sample/www/sample2/Controller/ContactsController.php(33): Controller->paginate('Contact')
#6 [internal function]: ContactsController->index()
#7 /Applications/XAMPP/xamppfiles/htdocs/CakeBook_sample/www/lib/Cake/Controller/Controller.php(473): ReflectionMethod->invokeArgs(Object(ContactsController), Array)
#8 /Applications/XAMPP/xamppfiles/htdocs/CakeBook_sample/www/lib/Cake/Routing/Dispatcher.php(104): Controller->invokeAction(Object(CakeRequest))
#9 /Applications/XAMPP/xamppfiles/htdocs/CakeBook_sample/www/lib/Cake/Routing/Dispatcher.php(86): Dispatcher->_invoke(Object(ContactsController), Object(CakeRequest), Object(CakeResponse))
#10 /Applications/XAMPP/xamppfiles/htdocs/CakeBook_sample/www/sample2/webroot/index.php(96): Dispatcher->dispatch(Object(CakeRequest), Object(CakeResponse))
#11 {main}
2014-09-22 11:48:59 Error: [PDOException] SQLSTATE[42S22]: Column not found: 1054 Unknown column 'Contact.mtr_sex_id' in 'on clause'
#0 /Applications/XAMPP/xamppfiles/htdocs/CakeBook_sample/www/lib/Cake/Model/Datasource/DboSource.php(436): PDOStatement->execute(Array)
#1 /Applications/XAMPP/xamppfiles/htdocs/CakeBook_sample/www/lib/Cake/Model/Datasource/DboSource.php(403): DboSource->_execute('SELECT `Contact...', Array)
#2 /Applications/XAMPP/xamppfiles/htdocs/CakeBook_sample/www/lib/Cake/Model/Datasource/DboSource.php(647): DboSource->execute('SELECT `Contact...', Array, Array)
#3 /Applications/XAMPP/xamppfiles/htdocs/CakeBook_sample/www/lib/Cake/Model/Datasource/DboSource.php(1040): DboSource->fetchAll('SELECT `Contact...', false)
#4 /Applications/XAMPP/xamppfiles/htdocs/CakeBook_sample/www/lib/Cake/Model/Model.php(2483): DboSource->read(Object(Contact), Array)
#5 /Applications/XAMPP/xamppfiles/htdocs/CakeBook_sample/www/lib/Cake/Controller/Component/PaginatorComponent.php(172): Model->find('all', Array)
#6 /Applications/XAMPP/xamppfiles/htdocs/CakeBook_sample/www/lib/Cake/Controller/Controller.php(1025): PaginatorComponent->paginate('Contact', Array, Array)
#7 /Applications/XAMPP/xamppfiles/htdocs/CakeBook_sample/www/sample2/Controller/ContactsController.php(33): Controller->paginate('Contact')
#8 [internal function]: ContactsController->index()
#9 /Applications/XAMPP/xamppfiles/htdocs/CakeBook_sample/www/lib/Cake/Controller/Controller.php(473): ReflectionMethod->invokeArgs(Object(ContactsController), Array)
#10 /Applications/XAMPP/xamppfiles/htdocs/CakeBook_sample/www/lib/Cake/Routing/Dispatcher.php(104): Controller->invokeAction(Object(CakeRequest))
#11 /Applications/XAMPP/xamppfiles/htdocs/CakeBook_sample/www/lib/Cake/Routing/Dispatcher.php(86): Dispatcher->_invoke(Object(ContactsController), Object(CakeRequest), Object(CakeResponse))
#12 /Applications/XAMPP/xamppfiles/htdocs/CakeBook_sample/www/sample2/webroot/index.php(96): Dispatcher->dispatch(Object(CakeRequest), Object(CakeResponse))
#13 {main}
2014-09-22 12:05:18 Error: [MissingControllerException] Controller class UserController could not be found.
#0 /Applications/XAMPP/xamppfiles/htdocs/CakeBook_sample/www/sample2/webroot/index.php(96): Dispatcher->dispatch(Object(CakeRequest), Object(CakeResponse))
#1 {main}
2014-09-22 12:21:21 Error: [CakeException] Method idPut does not exist
#0 /Applications/XAMPP/xamppfiles/htdocs/CakeBook_sample/www/sample2/Controller/UsersController.php(54): CakeRequest->__call('idPut', Array)
#1 /Applications/XAMPP/xamppfiles/htdocs/CakeBook_sample/www/sample2/Controller/UsersController.php(54): CakeRequest->idPut()
#2 /Applications/XAMPP/xamppfiles/htdocs/CakeBook_sample/www/sample2/Controller/UsersController.php(49): UsersController->edit()
#3 [internal function]: UsersController->add()
#4 /Applications/XAMPP/xamppfiles/htdocs/CakeBook_sample/www/lib/Cake/Controller/Controller.php(473): ReflectionMethod->invokeArgs(Object(UsersController), Array)
#5 /Applications/XAMPP/xamppfiles/htdocs/CakeBook_sample/www/lib/Cake/Routing/Dispatcher.php(104): Controller->invokeAction(Object(CakeRequest))
#6 /Applications/XAMPP/xamppfiles/htdocs/CakeBook_sample/www/lib/Cake/Routing/Dispatcher.php(86): Dispatcher->_invoke(Object(UsersController), Object(CakeRequest), Object(CakeResponse))
#7 /Applications/XAMPP/xamppfiles/htdocs/CakeBook_sample/www/sample2/webroot/index.php(96): Dispatcher->dispatch(Object(CakeRequest), Object(CakeResponse))
#8 {main}
2014-09-22 12:21:27 Error: [CakeException] Method idPut does not exist
#0 /Applications/XAMPP/xamppfiles/htdocs/CakeBook_sample/www/sample2/Controller/UsersController.php(54): CakeRequest->__call('idPut', Array)
#1 /Applications/XAMPP/xamppfiles/htdocs/CakeBook_sample/www/sample2/Controller/UsersController.php(54): CakeRequest->idPut()
#2 /Applications/XAMPP/xamppfiles/htdocs/CakeBook_sample/www/sample2/Controller/UsersController.php(49): UsersController->edit()
#3 [internal function]: UsersController->add()
#4 /Applications/XAMPP/xamppfiles/htdocs/CakeBook_sample/www/lib/Cake/Controller/Controller.php(473): ReflectionMethod->invokeArgs(Object(UsersController), Array)
#5 /Applications/XAMPP/xamppfiles/htdocs/CakeBook_sample/www/lib/Cake/Routing/Dispatcher.php(104): Controller->invokeAction(Object(CakeRequest))
#6 /Applications/XAMPP/xamppfiles/htdocs/CakeBook_sample/www/lib/Cake/Routing/Dispatcher.php(86): Dispatcher->_invoke(Object(UsersController), Object(CakeRequest), Object(CakeResponse))
#7 /Applications/XAMPP/xamppfiles/htdocs/CakeBook_sample/www/sample2/webroot/index.php(96): Dispatcher->dispatch(Object(CakeRequest), Object(CakeResponse))
#8 {main}
2014-09-22 12:39:32 Error: [MissingViewException] View file "/Applications/XAMPP/xamppfiles/htdocs/CakeBook_sample/www/sample2/View/Users/view.ctp" is missing.
#0 /Applications/XAMPP/xamppfiles/htdocs/CakeBook_sample/www/lib/Cake/View/View.php(360): View->_getViewFileName(NULL)
#1 /Applications/XAMPP/xamppfiles/htdocs/CakeBook_sample/www/lib/Cake/Controller/Controller.php(900): View->render(NULL, NULL)
#2 /Applications/XAMPP/xamppfiles/htdocs/CakeBook_sample/www/lib/Cake/Routing/Dispatcher.php(111): Controller->render()
#3 /Applications/XAMPP/xamppfiles/htdocs/CakeBook_sample/www/lib/Cake/Routing/Dispatcher.php(86): Dispatcher->_invoke(Object(UsersController), Object(CakeRequest), Object(CakeResponse))
#4 /Applications/XAMPP/xamppfiles/htdocs/CakeBook_sample/www/sample2/webroot/index.php(96): Dispatcher->dispatch(Object(CakeRequest), Object(CakeResponse))
#5 {main}
2014-09-22 12:39:56 Error: [MissingViewException] View file "/Applications/XAMPP/xamppfiles/htdocs/CakeBook_sample/www/sample2/View/Users/view.ctp" is missing.
#0 /Applications/XAMPP/xamppfiles/htdocs/CakeBook_sample/www/lib/Cake/View/View.php(360): View->_getViewFileName(NULL)
#1 /Applications/XAMPP/xamppfiles/htdocs/CakeBook_sample/www/lib/Cake/Controller/Controller.php(900): View->render(NULL, NULL)
#2 /Applications/XAMPP/xamppfiles/htdocs/CakeBook_sample/www/lib/Cake/Routing/Dispatcher.php(111): Controller->render()
#3 /Applications/XAMPP/xamppfiles/htdocs/CakeBook_sample/www/lib/Cake/Routing/Dispatcher.php(86): Dispatcher->_invoke(Object(UsersController), Object(CakeRequest), Object(CakeResponse))
#4 /Applications/XAMPP/xamppfiles/htdocs/CakeBook_sample/www/sample2/webroot/index.php(96): Dispatcher->dispatch(Object(CakeRequest), Object(CakeResponse))
#5 {main}
2014-09-22 12:51:03 Error: [MissingViewException] View file "/Applications/XAMPP/xamppfiles/htdocs/CakeBook_sample/www/sample2/View/Users/delete.ctp" is missing.
#0 /Applications/XAMPP/xamppfiles/htdocs/CakeBook_sample/www/lib/Cake/View/View.php(360): View->_getViewFileName(NULL)
#1 /Applications/XAMPP/xamppfiles/htdocs/CakeBook_sample/www/lib/Cake/Controller/Controller.php(900): View->render(NULL, NULL)
#2 /Applications/XAMPP/xamppfiles/htdocs/CakeBook_sample/www/lib/Cake/Routing/Dispatcher.php(111): Controller->render()
#3 /Applications/XAMPP/xamppfiles/htdocs/CakeBook_sample/www/lib/Cake/Routing/Dispatcher.php(86): Dispatcher->_invoke(Object(UsersController), Object(CakeRequest), Object(CakeResponse))
#4 /Applications/XAMPP/xamppfiles/htdocs/CakeBook_sample/www/sample2/webroot/index.php(96): Dispatcher->dispatch(Object(CakeRequest), Object(CakeResponse))
#5 {main}
2014-09-22 12:52:32 Error: [MissingViewException] View file "/Applications/XAMPP/xamppfiles/htdocs/CakeBook_sample/www/sample2/View/Users/delete.ctp" is missing.
#0 /Applications/XAMPP/xamppfiles/htdocs/CakeBook_sample/www/lib/Cake/View/View.php(360): View->_getViewFileName(NULL)
#1 /Applications/XAMPP/xamppfiles/htdocs/CakeBook_sample/www/lib/Cake/Controller/Controller.php(900): View->render(NULL, NULL)
#2 /Applications/XAMPP/xamppfiles/htdocs/CakeBook_sample/www/lib/Cake/Routing/Dispatcher.php(111): Controller->render()
#3 /Applications/XAMPP/xamppfiles/htdocs/CakeBook_sample/www/lib/Cake/Routing/Dispatcher.php(86): Dispatcher->_invoke(Object(UsersController), Object(CakeRequest), Object(CakeResponse))
#4 /Applications/XAMPP/xamppfiles/htdocs/CakeBook_sample/www/sample2/webroot/index.php(96): Dispatcher->dispatch(Object(CakeRequest), Object(CakeResponse))
#5 {main}
2014-09-22 12:52:49 Error: [MissingViewException] View file "/Applications/XAMPP/xamppfiles/htdocs/CakeBook_sample/www/sample2/View/Users/delete.ctp" is missing.
#0 /Applications/XAMPP/xamppfiles/htdocs/CakeBook_sample/www/lib/Cake/View/View.php(360): View->_getViewFileName(NULL)
#1 /Applications/XAMPP/xamppfiles/htdocs/CakeBook_sample/www/lib/Cake/Controller/Controller.php(900): View->render(NULL, NULL)
#2 /Applications/XAMPP/xamppfiles/htdocs/CakeBook_sample/www/lib/Cake/Routing/Dispatcher.php(111): Controller->render()
#3 /Applications/XAMPP/xamppfiles/htdocs/CakeBook_sample/www/lib/Cake/Routing/Dispatcher.php(86): Dispatcher->_invoke(Object(UsersController), Object(CakeRequest), Object(CakeResponse))
#4 /Applications/XAMPP/xamppfiles/htdocs/CakeBook_sample/www/sample2/webroot/index.php(96): Dispatcher->dispatch(Object(CakeRequest), Object(CakeResponse))
#5 {main}
2014-09-22 12:53:18 Error: [MissingViewException] View file "/Applications/XAMPP/xamppfiles/htdocs/CakeBook_sample/www/sample2/View/Users/delete.ctp" is missing.
#0 /Applications/XAMPP/xamppfiles/htdocs/CakeBook_sample/www/lib/Cake/View/View.php(360): View->_getViewFileName(NULL)
#1 /Applications/XAMPP/xamppfiles/htdocs/CakeBook_sample/www/lib/Cake/Controller/Controller.php(900): View->render(NULL, NULL)
#2 /Applications/XAMPP/xamppfiles/htdocs/CakeBook_sample/www/lib/Cake/Routing/Dispatcher.php(111): Controller->render()
#3 /Applications/XAMPP/xamppfiles/htdocs/CakeBook_sample/www/lib/Cake/Routing/Dispatcher.php(86): Dispatcher->_invoke(Object(UsersController), Object(CakeRequest), Object(CakeResponse))
#4 /Applications/XAMPP/xamppfiles/htdocs/CakeBook_sample/www/sample2/webroot/index.php(96): Dispatcher->dispatch(Object(CakeRequest), Object(CakeResponse))
#5 {main}
2014-09-22 12:55:42 Error: [MissingViewException] View file "/Applications/XAMPP/xamppfiles/htdocs/CakeBook_sample/www/sample2/View/Users/delete.ctp" is missing.
#0 /Applications/XAMPP/xamppfiles/htdocs/CakeBook_sample/www/lib/Cake/View/View.php(360): View->_getViewFileName(NULL)
#1 /Applications/XAMPP/xamppfiles/htdocs/CakeBook_sample/www/lib/Cake/Controller/Controller.php(900): View->render(NULL, NULL)
#2 /Applications/XAMPP/xamppfiles/htdocs/CakeBook_sample/www/lib/Cake/Routing/Dispatcher.php(111): Controller->render()
#3 /Applications/XAMPP/xamppfiles/htdocs/CakeBook_sample/www/lib/Cake/Routing/Dispatcher.php(86): Dispatcher->_invoke(Object(UsersController), Object(CakeRequest), Object(CakeResponse))
#4 /Applications/XAMPP/xamppfiles/htdocs/CakeBook_sample/www/sample2/webroot/index.php(96): Dispatcher->dispatch(Object(CakeRequest), Object(CakeResponse))
#5 {main}
2014-09-22 12:57:07 Error: [MissingViewException] View file "/Applications/XAMPP/xamppfiles/htdocs/CakeBook_sample/www/sample2/View/Users/delete.ctp" is missing.
#0 /Applications/XAMPP/xamppfiles/htdocs/CakeBook_sample/www/lib/Cake/View/View.php(360): View->_getViewFileName(NULL)
#1 /Applications/XAMPP/xamppfiles/htdocs/CakeBook_sample/www/lib/Cake/Controller/Controller.php(900): View->render(NULL, NULL)
#2 /Applications/XAMPP/xamppfiles/htdocs/CakeBook_sample/www/lib/Cake/Routing/Dispatcher.php(111): Controller->render()
#3 /Applications/XAMPP/xamppfiles/htdocs/CakeBook_sample/www/lib/Cake/Routing/Dispatcher.php(86): Dispatcher->_invoke(Object(UsersController), Object(CakeRequest), Object(CakeResponse))
#4 /Applications/XAMPP/xamppfiles/htdocs/CakeBook_sample/www/sample2/webroot/index.php(96): Dispatcher->dispatch(Object(CakeRequest), Object(CakeResponse))
#5 {main}
2014-09-22 12:57:13 Error: [MissingViewException] View file "/Applications/XAMPP/xamppfiles/htdocs/CakeBook_sample/www/sample2/View/Users/delete.ctp" is missing.
#0 /Applications/XAMPP/xamppfiles/htdocs/CakeBook_sample/www/lib/Cake/View/View.php(360): View->_getViewFileName(NULL)
#1 /Applications/XAMPP/xamppfiles/htdocs/CakeBook_sample/www/lib/Cake/Controller/Controller.php(900): View->render(NULL, NULL)
#2 /Applications/XAMPP/xamppfiles/htdocs/CakeBook_sample/www/lib/Cake/Routing/Dispatcher.php(111): Controller->render()
#3 /Applications/XAMPP/xamppfiles/htdocs/CakeBook_sample/www/lib/Cake/Routing/Dispatcher.php(86): Dispatcher->_invoke(Object(UsersController), Object(CakeRequest), Object(CakeResponse))
#4 /Applications/XAMPP/xamppfiles/htdocs/CakeBook_sample/www/sample2/webroot/index.php(96): Dispatcher->dispatch(Object(CakeRequest), Object(CakeResponse))
#5 {main}
2014-09-22 12:57:17 Error: [MissingViewException] View file "/Applications/XAMPP/xamppfiles/htdocs/CakeBook_sample/www/sample2/View/Users/delete.ctp" is missing.
#0 /Applications/XAMPP/xamppfiles/htdocs/CakeBook_sample/www/lib/Cake/View/View.php(360): View->_getViewFileName(NULL)
#1 /Applications/XAMPP/xamppfiles/htdocs/CakeBook_sample/www/lib/Cake/Controller/Controller.php(900): View->render(NULL, NULL)
#2 /Applications/XAMPP/xamppfiles/htdocs/CakeBook_sample/www/lib/Cake/Routing/Dispatcher.php(111): Controller->render()
#3 /Applications/XAMPP/xamppfiles/htdocs/CakeBook_sample/www/lib/Cake/Routing/Dispatcher.php(86): Dispatcher->_invoke(Object(UsersController), Object(CakeRequest), Object(CakeResponse))
#4 /Applications/XAMPP/xamppfiles/htdocs/CakeBook_sample/www/sample2/webroot/index.php(96): Dispatcher->dispatch(Object(CakeRequest), Object(CakeResponse))
#5 {main}
2014-09-22 12:57:20 Error: [MissingViewException] View file "/Applications/XAMPP/xamppfiles/htdocs/CakeBook_sample/www/sample2/View/Users/delete.ctp" is missing.
#0 /Applications/XAMPP/xamppfiles/htdocs/CakeBook_sample/www/lib/Cake/View/View.php(360): View->_getViewFileName(NULL)
#1 /Applications/XAMPP/xamppfiles/htdocs/CakeBook_sample/www/lib/Cake/Controller/Controller.php(900): View->render(NULL, NULL)
#2 /Applications/XAMPP/xamppfiles/htdocs/CakeBook_sample/www/lib/Cake/Routing/Dispatcher.php(111): Controller->render()
#3 /Applications/XAMPP/xamppfiles/htdocs/CakeBook_sample/www/lib/Cake/Routing/Dispatcher.php(86): Dispatcher->_invoke(Object(UsersController), Object(CakeRequest), Object(CakeResponse))
#4 /Applications/XAMPP/xamppfiles/htdocs/CakeBook_sample/www/sample2/webroot/index.php(96): Dispatcher->dispatch(Object(CakeRequest), Object(CakeResponse))
#5 {main}
2014-09-22 12:57:29 Error: [MissingViewException] View file "/Applications/XAMPP/xamppfiles/htdocs/CakeBook_sample/www/sample2/View/Users/delete.ctp" is missing.
#0 /Applications/XAMPP/xamppfiles/htdocs/CakeBook_sample/www/lib/Cake/View/View.php(360): View->_getViewFileName(NULL)
#1 /Applications/XAMPP/xamppfiles/htdocs/CakeBook_sample/www/lib/Cake/Controller/Controller.php(900): View->render(NULL, NULL)
#2 /Applications/XAMPP/xamppfiles/htdocs/CakeBook_sample/www/lib/Cake/Routing/Dispatcher.php(111): Controller->render()
#3 /Applications/XAMPP/xamppfiles/htdocs/CakeBook_sample/www/lib/Cake/Routing/Dispatcher.php(86): Dispatcher->_invoke(Object(UsersController), Object(CakeRequest), Object(CakeResponse))
#4 /Applications/XAMPP/xamppfiles/htdocs/CakeBook_sample/www/sample2/webroot/index.php(96): Dispatcher->dispatch(Object(CakeRequest), Object(CakeResponse))
#5 {main}
